# JRE version: Java(TM) SE Runtime Environment (8.0_191-b12) (build 1.8.0_191-b12)
# Java VM: Java HotSpot(TM) 64-Bit Server VM (25.191-b12 mixed mode windows-amd64 compressed oops)
Heap:
 PSYoungGen      total 206336K, used 60064K [0x00000000d5c00000, 0x00000000e9280000, 0x0000000100000000)
  eden space 186880K, 32% used [0x00000000d5c00000,0x00000000d96a8358,0x00000000e1280000)
  from space 19456K, 0% used [0x00000000e1280000,0x00000000e1280000,0x00000000e2580000)
  to   space 18432K, 0% used [0x00000000e8080000,0x00000000e8080000,0x00000000e9280000)
 ParOldGen       total 108032K, used 23540K [0x0000000081400000, 0x0000000087d80000, 0x00000000d5c00000)
  object space 108032K, 21% used [0x0000000081400000,0x0000000082afd068,0x0000000087d80000)
 Metaspace       used 57954K, capacity 60682K, committed 60928K, reserved 1101824K
  class space    used 7868K, capacity 8372K, committed 8448K, reserved 1048576K
GC Heap History (10 events):
Event: 22.662 GC heap before
{Heap before GC invocations=10 (full 2):
 PSYoungGen      total 162816K, used 10231K [0x00000000d5c00000, 0x00000000e3300000, 0x0000000100000000)
  eden space 152576K, 0% used [0x00000000d5c00000,0x00000000d5c00000,0x00000000df100000)
  from space 10240K, 99% used [0x00000000dfd00000,0x00000000e06fdfc8,0x00000000e0700000)
  to   space 12288K, 0% used [0x00000000df100000,0x00000000df100000,0x00000000dfd00000)
 ParOldGen       total 58368K, used 10107K [0x0000000081400000, 0x0000000084d00000, 0x00000000d5c00000)
  object space 58368K, 17% used [0x0000000081400000,0x0000000081dded48,0x0000000084d00000)
 Metaspace       used 33813K, capacity 35356K, committed 35496K, reserved 1079296K
  class space    used 4450K, capacity 4771K, committed 4864K, reserved 1048576K
Event: 22.832 GC heap after
Heap after GC invocations=10 (full 2):
 PSYoungGen      total 162816K, used 0K [0x00000000d5c00000, 0x00000000e3300000, 0x0000000100000000)
  eden space 152576K, 0% used [0x00000000d5c00000,0x00000000d5c00000,0x00000000df100000)
  from space 10240K, 0% used [0x00000000dfd00000,0x00000000dfd00000,0x00000000e0700000)
  to   space 12288K, 0% used [0x00000000df100000,0x00000000df100000,0x00000000dfd00000)
 ParOldGen       total 90624K, used 15546K [0x0000000081400000, 0x0000000086c80000, 0x00000000d5c00000)
  object space 90624K, 17% used [0x0000000081400000,0x000000008232eae8,0x0000000086c80000)
 Metaspace       used 33813K, capacity 35356K, committed 35496K, reserved 1079296K
  class space    used 4450K, capacity 4771K, committed 4864K, reserved 1048576K
}
Event: 55.130 GC heap before
{Heap before GC invocations=11 (full 2):
 PSYoungGen      total 162816K, used 152576K [0x00000000d5c00000, 0x00000000e3300000, 0x0000000100000000)
  eden space 152576K, 100% used [0x00000000d5c00000,0x00000000df100000,0x00000000df100000)
  from space 10240K, 0% used [0x00000000dfd00000,0x00000000dfd00000,0x00000000e0700000)
  to   space 12288K, 0% used [0x00000000df100000,0x00000000df100000,0x00000000dfd00000)
 ParOldGen       total 90624K, used 15546K [0x0000000081400000, 0x0000000086c80000, 0x00000000d5c00000)
  object space 90624K, 17% used [0x0000000081400000,0x000000008232eae8,0x0000000086c80000)
 Metaspace       used 44472K, capacity 46430K, committed 46592K, reserved 1089536K
  class space    used 5946K, capacity 6298K, committed 6400K, reserved 1048576K
Event: 55.163 GC heap after
Heap after GC invocations=11 (full 2):
 PSYoungGen      total 164864K, used 12261K [0x00000000d5c00000, 0x00000000e3480000, 0x0000000100000000)
  eden space 152576K, 0% used [0x00000000d5c00000,0x00000000d5c00000,0x00000000df100000)
  from space 12288K, 99% used [0x00000000df100000,0x00000000dfcf9658,0x00000000dfd00000)
  to   space 14336K, 0% used [0x00000000e2680000,0x00000000e2680000,0x00000000e3480000)
 ParOldGen       total 90624K, used 17094K [0x0000000081400000, 0x0000000086c80000, 0x00000000d5c00000)
  object space 90624K, 18% used [0x0000000081400000,0x00000000824b1b70,0x0000000086c80000)
 Metaspace       used 44472K, capacity 46430K, committed 46592K, reserved 1089536K
  class space    used 5946K, capacity 6298K, committed 6400K, reserved 1048576K
}
Event: 320.581 GC heap before
{Heap before GC invocations=12 (full 2):
 PSYoungGen      total 164864K, used 164837K [0x00000000d5c00000, 0x00000000e3480000, 0x0000000100000000)
  eden space 152576K, 100% used [0x00000000d5c00000,0x00000000df100000,0x00000000df100000)
  from space 12288K, 99% used [0x00000000df100000,0x00000000dfcf9658,0x00000000dfd00000)
  to   space 14336K, 0% used [0x00000000e2680000,0x00000000e2680000,0x00000000e3480000)
 ParOldGen       total 90624K, used 17094K [0x0000000081400000, 0x0000000086c80000, 0x00000000d5c00000)
  object space 90624K, 18% used [0x0000000081400000,0x00000000824b1b70,0x0000000086c80000)
 Metaspace       used 55531K, capacity 58182K, committed 58496K, reserved 1099776K
  class space    used 7525K, capacity 8012K, committed 8064K, reserved 1048576K
Event: 320.639 GC heap after
Heap after GC invocations=12 (full 2):
 PSYoungGen      total 201216K, used 14330K [0x00000000d5c00000, 0x00000000e3880000, 0x0000000100000000)
  eden space 186880K, 0% used [0x00000000d5c00000,0x00000000d5c00000,0x00000000e1280000)
  from space 14336K, 99% used [0x00000000e2680000,0x00000000e347eb68,0x00000000e3480000)
  to   space 19456K, 0% used [0x00000000e1280000,0x00000000e1280000,0x00000000e2580000)
 ParOldGen       total 90624K, used 25104K [0x0000000081400000, 0x0000000086c80000, 0x00000000d5c00000)
  object space 90624K, 27% used [0x0000000081400000,0x0000000082c84390,0x0000000086c80000)
 Metaspace       used 55531K, capacity 58182K, committed 58496K, reserved 1099776K
  class space    used 7525K, capacity 8012K, committed 8064K, reserved 1048576K
}
Event: 320.841 GC heap before
{Heap before GC invocations=13 (full 2):
 PSYoungGen      total 201216K, used 28231K [0x00000000d5c00000, 0x00000000e3880000, 0x0000000100000000)
  eden space 186880K, 7% used [0x00000000d5c00000,0x00000000d6993170,0x00000000e1280000)
  from space 14336K, 99% used [0x00000000e2680000,0x00000000e347eb68,0x00000000e3480000)
  to   space 19456K, 0% used [0x00000000e1280000,0x00000000e1280000,0x00000000e2580000)
 ParOldGen       total 90624K, used 25104K [0x0000000081400000, 0x0000000086c80000, 0x00000000d5c00000)
  object space 90624K, 27% used [0x0000000081400000,0x0000000082c84390,0x0000000086c80000)
 Metaspace       used 56394K, capacity 59020K, committed 59136K, reserved 1099776K
  class space    used 7676K, capacity 8141K, committed 8192K, reserved 1048576K
Event: 320.897 GC heap after
Heap after GC invocations=13 (full 2):
 PSYoungGen      total 206336K, used 6942K [0x00000000d5c00000, 0x00000000e9280000, 0x0000000100000000)
  eden space 186880K, 0% used [0x00000000d5c00000,0x00000000d5c00000,0x00000000e1280000)
  from space 19456K, 35% used [0x00000000e1280000,0x00000000e1947928,0x00000000e2580000)
  to   space 18432K, 0% used [0x00000000e8080000,0x00000000e8080000,0x00000000e9280000)
 ParOldGen       total 90624K, used 31994K [0x0000000081400000, 0x0000000086c80000, 0x00000000d5c00000)
  object space 90624K, 35% used [0x0000000081400000,0x000000008333ebc0,0x0000000086c80000)
 Metaspace       used 56394K, capacity 59020K, committed 59136K, reserved 1099776K
  class space    used 7676K, capacity 8141K, committed 8192K, reserved 1048576K
}
Event: 320.897 GC heap before
{Heap before GC invocations=14 (full 3):
 PSYoungGen      total 206336K, used 6942K [0x00000000d5c00000, 0x00000000e9280000, 0x0000000100000000)
  eden space 186880K, 0% used [0x00000000d5c00000,0x00000000d5c00000,0x00000000e1280000)
  from space 19456K, 35% used [0x00000000e1280000,0x00000000e1947928,0x00000000e2580000)
  to   space 18432K, 0% used [0x00000000e8080000,0x00000000e8080000,0x00000000e9280000)
 ParOldGen       total 90624K, used 31994K [0x0000000081400000, 0x0000000086c80000, 0x00000000d5c00000)
  object space 90624K, 35% used [0x0000000081400000,0x000000008333ebc0,0x0000000086c80000)
 Metaspace       used 56394K, capacity 59020K, committed 59136K, reserved 1099776K
  class space    used 7676K, capacity 8141K, committed 8192K, reserved 1048576K
Event: 321.437 GC heap after
Heap after GC invocations=14 (full 3):
 PSYoungGen      total 206336K, used 0K [0x00000000d5c00000, 0x00000000e9280000, 0x0000000100000000)
  eden space 186880K, 0% used [0x00000000d5c00000,0x00000000d5c00000,0x00000000e1280000)
  from space 19456K, 0% used [0x00000000e1280000,0x00000000e1280000,0x00000000e2580000)
  to   space 18432K, 0% used [0x00000000e8080000,0x00000000e8080000,0x00000000e9280000)
 ParOldGen       total 108032K, used 23540K [0x0000000081400000, 0x0000000087d80000, 0x00000000d5c00000)
  object space 108032K, 21% used [0x0000000081400000,0x0000000082afd068,0x0000000087d80000)
 Metaspace       used 56394K, capacity 59020K, committed 59136K, reserved 1099776K
  class space    used 7676K, capacity 8141K, committed 8192K, reserved 1048576K
}

