# JRE version: Java(TM) SE Runtime Environment (8.0_231-b11) (build 1.8.0_231-b11)
# Java VM: Java HotSpot(TM) 64-Bit Server VM (25.231-b11 mixed mode windows-amd64 compressed oops)
Heap:
 PSYoungGen      total 382976K, used 46828K [0x000000076b500000, 0x0000000785280000, 0x00000007c0000000)
  eden space 369152K, 8% used [0x000000076b500000,0x000000076d53dd90,0x0000000781d80000)
  from space 13824K, 99% used [0x0000000784500000,0x000000078527d5e8,0x0000000785280000)
  to   space 16896K, 0% used [0x0000000783180000,0x0000000783180000,0x0000000784200000)
 ParOldGen       total 170496K, used 26042K [0x00000006c1e00000, 0x00000006cc480000, 0x000000076b500000)
  object space 170496K, 15% used [0x00000006c1e00000,0x00000006c376e828,0x00000006cc480000)
 Metaspace       used 71795K, capacity 75203K, committed 75352K, reserved 1114112K
  class space    used 9793K, capacity 10346K, committed 10368K, reserved 1048576K
GC Heap History (10 events):
Event: 9.001 GC heap before
{Heap before GC invocations=11 (full 2):
 PSYoungGen      total 241152K, used 231424K [0x000000076b500000, 0x000000077ad80000, 0x00000007c0000000)
  eden space 231424K, 100% used [0x000000076b500000,0x0000000779700000,0x0000000779700000)
  from space 9728K, 0% used [0x000000077a400000,0x000000077a400000,0x000000077ad80000)
  to   space 11264K, 0% used [0x0000000779780000,0x0000000779780000,0x000000077a280000)
 ParOldGen       total 123904K, used 14843K [0x00000006c1e00000, 0x00000006c9700000, 0x000000076b500000)
  object space 123904K, 11% used [0x00000006c1e00000,0x00000006c2c7eee0,0x00000006c9700000)
 Metaspace       used 41293K, capacity 43131K, committed 43352K, reserved 1087488K
  class space    used 5396K, capacity 5728K, committed 5760K, reserved 1048576K
Event: 9.018 GC heap after
Heap after GC invocations=11 (full 2):
 PSYoungGen      total 243200K, used 11253K [0x000000076b500000, 0x000000077fb00000, 0x00000007c0000000)
  eden space 231936K, 0% used [0x000000076b500000,0x000000076b500000,0x0000000779780000)
  from space 11264K, 99% used [0x0000000779780000,0x000000077a27d588,0x000000077a280000)
  to   space 12800K, 0% used [0x000000077ee80000,0x000000077ee80000,0x000000077fb00000)
 ParOldGen       total 123904K, used 15092K [0x00000006c1e00000, 0x00000006c9700000, 0x000000076b500000)
  object space 123904K, 12% used [0x00000006c1e00000,0x00000006c2cbd088,0x00000006c9700000)
 Metaspace       used 41293K, capacity 43131K, committed 43352K, reserved 1087488K
  class space    used 5396K, capacity 5728K, committed 5760K, reserved 1048576K
}
Event: 10.368 GC heap before
{Heap before GC invocations=12 (full 2):
 PSYoungGen      total 243200K, used 243189K [0x000000076b500000, 0x000000077fb00000, 0x00000007c0000000)
  eden space 231936K, 100% used [0x000000076b500000,0x0000000779780000,0x0000000779780000)
  from space 11264K, 99% used [0x0000000779780000,0x000000077a27d588,0x000000077a280000)
  to   space 12800K, 0% used [0x000000077ee80000,0x000000077ee80000,0x000000077fb00000)
 ParOldGen       total 123904K, used 15092K [0x00000006c1e00000, 0x00000006c9700000, 0x000000076b500000)
  object space 123904K, 12% used [0x00000006c1e00000,0x00000006c2cbd088,0x00000006c9700000)
 Metaspace       used 50385K, capacity 52383K, committed 52568K, reserved 1095680K
  class space    used 6929K, capacity 7288K, committed 7296K, reserved 1048576K
Event: 10.377 GC heap after
Heap after GC invocations=12 (full 2):
 PSYoungGen      total 316416K, used 12596K [0x000000076b500000, 0x000000077fb00000, 0x00000007c0000000)
  eden space 303616K, 0% used [0x000000076b500000,0x000000076b500000,0x000000077dd80000)
  from space 12800K, 98% used [0x000000077ee80000,0x000000077facd1e0,0x000000077fb00000)
  to   space 13824K, 0% used [0x000000077e000000,0x000000077e000000,0x000000077ed80000)
 ParOldGen       total 123904K, used 15100K [0x00000006c1e00000, 0x00000006c9700000, 0x000000076b500000)
  object space 123904K, 12% used [0x00000006c1e00000,0x00000006c2cbf088,0x00000006c9700000)
 Metaspace       used 50385K, capacity 52383K, committed 52568K, reserved 1095680K
  class space    used 6929K, capacity 7288K, committed 7296K, reserved 1048576K
}
Event: 11.808 GC heap before
{Heap before GC invocations=13 (full 2):
 PSYoungGen      total 316416K, used 155405K [0x000000076b500000, 0x000000077fb00000, 0x00000007c0000000)
  eden space 303616K, 47% used [0x000000076b500000,0x00000007740763e0,0x000000077dd80000)
  from space 12800K, 98% used [0x000000077ee80000,0x000000077facd1e0,0x000000077fb00000)
  to   space 13824K, 0% used [0x000000077e000000,0x000000077e000000,0x000000077ed80000)
 ParOldGen       total 123904K, used 15100K [0x00000006c1e00000, 0x00000006c9700000, 0x000000076b500000)
  object space 123904K, 12% used [0x00000006c1e00000,0x00000006c2cbf088,0x00000006c9700000)
 Metaspace       used 56403K, capacity 58975K, committed 59028K, reserved 1099776K
  class space    used 7724K, capacity 8184K, committed 8192K, reserved 1048576K
Event: 11.826 GC heap after
Heap after GC invocations=13 (full 2):
 PSYoungGen      total 320000K, used 8630K [0x000000076b500000, 0x0000000785280000, 0x00000007c0000000)
  eden space 306176K, 0% used [0x000000076b500000,0x000000076b500000,0x000000077e000000)
  from space 13824K, 62% used [0x000000077e000000,0x000000077e86d9c8,0x000000077ed80000)
  to   space 13824K, 0% used [0x0000000784500000,0x0000000784500000,0x0000000785280000)
 ParOldGen       total 123904K, used 18042K [0x00000006c1e00000, 0x00000006c9700000, 0x000000076b500000)
  object space 123904K, 14% used [0x00000006c1e00000,0x00000006c2f9ebb0,0x00000006c9700000)
 Metaspace       used 56403K, capacity 58975K, committed 59028K, reserved 1099776K
  class space    used 7724K, capacity 8184K, committed 8192K, reserved 1048576K
}
Event: 11.826 GC heap before
{Heap before GC invocations=14 (full 3):
 PSYoungGen      total 320000K, used 8630K [0x000000076b500000, 0x0000000785280000, 0x00000007c0000000)
  eden space 306176K, 0% used [0x000000076b500000,0x000000076b500000,0x000000077e000000)
  from space 13824K, 62% used [0x000000077e000000,0x000000077e86d9c8,0x000000077ed80000)
  to   space 13824K, 0% used [0x0000000784500000,0x0000000784500000,0x0000000785280000)
 ParOldGen       total 123904K, used 18042K [0x00000006c1e00000, 0x00000006c9700000, 0x000000076b500000)
  object space 123904K, 14% used [0x00000006c1e00000,0x00000006c2f9ebb0,0x00000006c9700000)
 Metaspace       used 56403K, capacity 58975K, committed 59028K, reserved 1099776K
  class space    used 7724K, capacity 8184K, committed 8192K, reserved 1048576K
Event: 11.974 GC heap after
Heap after GC invocations=14 (full 3):
 PSYoungGen      total 320000K, used 0K [0x000000076b500000, 0x0000000785280000, 0x00000007c0000000)
  eden space 306176K, 0% used [0x000000076b500000,0x000000076b500000,0x000000077e000000)
  from space 13824K, 0% used [0x000000077e000000,0x000000077e000000,0x000000077ed80000)
  to   space 13824K, 0% used [0x0000000784500000,0x0000000784500000,0x0000000785280000)
 ParOldGen       total 170496K, used 21821K [0x00000006c1e00000, 0x00000006cc480000, 0x000000076b500000)
  object space 170496K, 12% used [0x00000006c1e00000,0x00000006c334f708,0x00000006cc480000)
 Metaspace       used 56403K, capacity 58975K, committed 59028K, reserved 1099776K
  class space    used 7724K, capacity 8184K, committed 8192K, reserved 1048576K
}
Event: 58.338 GC heap before
{Heap before GC invocations=15 (full 3):
 PSYoungGen      total 320000K, used 306176K [0x000000076b500000, 0x0000000785280000, 0x00000007c0000000)
  eden space 306176K, 100% used [0x000000076b500000,0x000000077e000000,0x000000077e000000)
  from space 13824K, 0% used [0x000000077e000000,0x000000077e000000,0x000000077ed80000)
  to   space 13824K, 0% used [0x0000000784500000,0x0000000784500000,0x0000000785280000)
 ParOldGen       total 170496K, used 21821K [0x00000006c1e00000, 0x00000006cc480000, 0x000000076b500000)
  object space 170496K, 12% used [0x00000006c1e00000,0x00000006c334f708,0x00000006cc480000)
 Metaspace       used 69834K, capacity 73293K, committed 73432K, reserved 1112064K
  class space    used 9591K, capacity 10181K, committed 10240K, reserved 1048576K
Event: 58.352 GC heap after
Heap after GC invocations=15 (full 3):
 PSYoungGen      total 382976K, used 13813K [0x000000076b500000, 0x0000000785280000, 0x00000007c0000000)
  eden space 369152K, 0% used [0x000000076b500000,0x000000076b500000,0x0000000781d80000)
  from space 13824K, 99% used [0x0000000784500000,0x000000078527d5e8,0x0000000785280000)
  to   space 16896K, 0% used [0x0000000783180000,0x0000000783180000,0x0000000784200000)
 ParOldGen       total 170496K, used 26042K [0x00000006c1e00000, 0x00000006cc480000, 0x000000076b500000)
  object space 170496K, 15% used [0x00000006c1e00000,0x00000006c376e828,0x00000006cc480000)
 Metaspace       used 69834K, capacity 73293K, committed 73432K, reserved 1112064K
  class space    used 9591K, capacity 10181K, committed 10240K, reserved 1048576K
}

