# JRE version: Java(TM) SE Runtime Environment (8.0_191-b12) (build 1.8.0_191-b12)
# Java VM: Java HotSpot(TM) 64-Bit Server VM (25.191-b12 mixed mode windows-amd64 compressed oops)
Heap:
 PSYoungGen      total 172544K, used 21499K [0x00000000d5c00000, 0x00000000e1380000, 0x0000000100000000)
  eden space 160256K, 5% used [0x00000000d5c00000,0x00000000d6502aa8,0x00000000df880000)
  from space 12288K, 99% used [0x00000000dfb80000,0x00000000e077c358,0x00000000e0780000)
  to   space 8704K, 0% used [0x00000000e0b00000,0x00000000e0b00000,0x00000000e1380000)
 ParOldGen       total 102400K, used 21312K [0x0000000081400000, 0x0000000087800000, 0x00000000d5c00000)
  object space 102400K, 20% used [0x0000000081400000,0x00000000828d01f0,0x0000000087800000)
 Metaspace       used 55392K, capacity 57370K, committed 57600K, reserved 1099776K
  class space    used 7791K, capacity 8162K, committed 8192K, reserved 1048576K
GC Heap History (10 events):
Event: 12.124 GC heap before
{Heap before GC invocations=9 (full 1):
 PSYoungGen      total 106496K, used 105311K [0x00000000d5c00000, 0x00000000dea00000, 0x0000000100000000)
  eden space 97280K, 100% used [0x00000000d5c00000,0x00000000dbb00000,0x00000000dbb00000)
  from space 9216K, 87% used [0x00000000dd800000,0x00000000ddfd7c70,0x00000000de100000)
  to   space 3072K, 0% used [0x00000000de700000,0x00000000de700000,0x00000000dea00000)
 ParOldGen       total 60928K, used 7992K [0x0000000081400000, 0x0000000084f80000, 0x00000000d5c00000)
  object space 60928K, 13% used [0x0000000081400000,0x0000000081bce258,0x0000000084f80000)
 Metaspace       used 32665K, capacity 34254K, committed 34432K, reserved 1079296K
  class space    used 4380K, capacity 4668K, committed 4736K, reserved 1048576K
Event: 12.160 GC heap after
Heap after GC invocations=9 (full 1):
 PSYoungGen      total 133120K, used 3040K [0x00000000d5c00000, 0x00000000dfe00000, 0x0000000100000000)
  eden space 130048K, 0% used [0x00000000d5c00000,0x00000000d5c00000,0x00000000ddb00000)
  from space 3072K, 98% used [0x00000000de700000,0x00000000de9f8010,0x00000000dea00000)
  to   space 12288K, 0% used [0x00000000ddb00000,0x00000000ddb00000,0x00000000de700000)
 ParOldGen       total 60928K, used 16841K [0x0000000081400000, 0x0000000084f80000, 0x00000000d5c00000)
  object space 60928K, 27% used [0x0000000081400000,0x0000000082472460,0x0000000084f80000)
 Metaspace       used 32665K, capacity 34254K, committed 34432K, reserved 1079296K
  class space    used 4380K, capacity 4668K, committed 4736K, reserved 1048576K
}
Event: 13.123 GC heap before
{Heap before GC invocations=10 (full 1):
 PSYoungGen      total 133120K, used 63847K [0x00000000d5c00000, 0x00000000dfe00000, 0x0000000100000000)
  eden space 130048K, 46% used [0x00000000d5c00000,0x00000000d9761df0,0x00000000ddb00000)
  from space 3072K, 98% used [0x00000000de700000,0x00000000de9f8010,0x00000000dea00000)
  to   space 12288K, 0% used [0x00000000ddb00000,0x00000000ddb00000,0x00000000de700000)
 ParOldGen       total 60928K, used 16841K [0x0000000081400000, 0x0000000084f80000, 0x00000000d5c00000)
  object space 60928K, 27% used [0x0000000081400000,0x0000000082472460,0x0000000084f80000)
 Metaspace       used 33827K, capacity 35464K, committed 35496K, reserved 1079296K
  class space    used 4513K, capacity 4835K, committed 4864K, reserved 1048576K
Event: 13.136 GC heap after
Heap after GC invocations=10 (full 1):
 PSYoungGen      total 142336K, used 4676K [0x00000000d5c00000, 0x00000000e1700000, 0x0000000100000000)
  eden space 130048K, 0% used [0x00000000d5c00000,0x00000000d5c00000,0x00000000ddb00000)
  from space 12288K, 38% used [0x00000000ddb00000,0x00000000ddf91070,0x00000000de700000)
  to   space 12288K, 0% used [0x00000000e0b00000,0x00000000e0b00000,0x00000000e1700000)
 ParOldGen       total 60928K, used 16841K [0x0000000081400000, 0x0000000084f80000, 0x00000000d5c00000)
  object space 60928K, 27% used [0x0000000081400000,0x0000000082472460,0x0000000084f80000)
 Metaspace       used 33827K, capacity 35464K, committed 35496K, reserved 1079296K
  class space    used 4513K, capacity 4835K, committed 4864K, reserved 1048576K
}
Event: 13.136 GC heap before
{Heap before GC invocations=11 (full 2):
 PSYoungGen      total 142336K, used 4676K [0x00000000d5c00000, 0x00000000e1700000, 0x0000000100000000)
  eden space 130048K, 0% used [0x00000000d5c00000,0x00000000d5c00000,0x00000000ddb00000)
  from space 12288K, 38% used [0x00000000ddb00000,0x00000000ddf91070,0x00000000de700000)
  to   space 12288K, 0% used [0x00000000e0b00000,0x00000000e0b00000,0x00000000e1700000)
 ParOldGen       total 60928K, used 16841K [0x0000000081400000, 0x0000000084f80000, 0x00000000d5c00000)
  object space 60928K, 27% used [0x0000000081400000,0x0000000082472460,0x0000000084f80000)
 Metaspace       used 33827K, capacity 35464K, committed 35496K, reserved 1079296K
  class space    used 4513K, capacity 4835K, committed 4864K, reserved 1048576K
Event: 13.287 GC heap after
Heap after GC invocations=11 (full 2):
 PSYoungGen      total 142336K, used 0K [0x00000000d5c00000, 0x00000000e1700000, 0x0000000100000000)
  eden space 130048K, 0% used [0x00000000d5c00000,0x00000000d5c00000,0x00000000ddb00000)
  from space 12288K, 0% used [0x00000000ddb00000,0x00000000ddb00000,0x00000000de700000)
  to   space 12288K, 0% used [0x00000000e0b00000,0x00000000e0b00000,0x00000000e1700000)
 ParOldGen       total 102400K, used 17197K [0x0000000081400000, 0x0000000087800000, 0x00000000d5c00000)
  object space 102400K, 16% used [0x0000000081400000,0x00000000824cb6e0,0x0000000087800000)
 Metaspace       used 33827K, capacity 35464K, committed 35496K, reserved 1079296K
  class space    used 4513K, capacity 4835K, committed 4864K, reserved 1048576K
}
Event: 15.524 GC heap before
{Heap before GC invocations=12 (full 2):
 PSYoungGen      total 142336K, used 130048K [0x00000000d5c00000, 0x00000000e1700000, 0x0000000100000000)
  eden space 130048K, 100% used [0x00000000d5c00000,0x00000000ddb00000,0x00000000ddb00000)
  from space 12288K, 0% used [0x00000000ddb00000,0x00000000ddb00000,0x00000000de700000)
  to   space 12288K, 0% used [0x00000000e0b00000,0x00000000e0b00000,0x00000000e1700000)
 ParOldGen       total 102400K, used 17197K [0x0000000081400000, 0x0000000087800000, 0x00000000d5c00000)
  object space 102400K, 16% used [0x0000000081400000,0x00000000824cb6e0,0x0000000087800000)
 Metaspace       used 41794K, capacity 43552K, committed 43904K, reserved 1087488K
  class space    used 5821K, capacity 6163K, committed 6272K, reserved 1048576K
Event: 15.537 GC heap after
Heap after GC invocations=12 (full 2):
 PSYoungGen      total 168960K, used 8521K [0x00000000d5c00000, 0x00000000e1380000, 0x0000000100000000)
  eden space 160256K, 0% used [0x00000000d5c00000,0x00000000d5c00000,0x00000000df880000)
  from space 8704K, 97% used [0x00000000e0b00000,0x00000000e1352498,0x00000000e1380000)
  to   space 12288K, 0% used [0x00000000dfb80000,0x00000000dfb80000,0x00000000e0780000)
 ParOldGen       total 102400K, used 17205K [0x0000000081400000, 0x0000000087800000, 0x00000000d5c00000)
  object space 102400K, 16% used [0x0000000081400000,0x00000000824cd6e0,0x0000000087800000)
 Metaspace       used 41794K, capacity 43552K, committed 43904K, reserved 1087488K
  class space    used 5821K, capacity 6163K, committed 6272K, reserved 1048576K
}
Event: 20.605 GC heap before
{Heap before GC invocations=13 (full 2):
 PSYoungGen      total 168960K, used 168777K [0x00000000d5c00000, 0x00000000e1380000, 0x0000000100000000)
  eden space 160256K, 100% used [0x00000000d5c00000,0x00000000df880000,0x00000000df880000)
  from space 8704K, 97% used [0x00000000e0b00000,0x00000000e1352498,0x00000000e1380000)
  to   space 12288K, 0% used [0x00000000dfb80000,0x00000000dfb80000,0x00000000e0780000)
 ParOldGen       total 102400K, used 17205K [0x0000000081400000, 0x0000000087800000, 0x00000000d5c00000)
  object space 102400K, 16% used [0x0000000081400000,0x00000000824cd6e0,0x0000000087800000)
 Metaspace       used 55006K, capacity 56904K, committed 57344K, reserved 1097728K
  class space    used 7728K, capacity 8083K, committed 8192K, reserved 1048576K
Event: 20.653 GC heap after
Heap after GC invocations=13 (full 2):
 PSYoungGen      total 172544K, used 12272K [0x00000000d5c00000, 0x00000000e1380000, 0x0000000100000000)
  eden space 160256K, 0% used [0x00000000d5c00000,0x00000000d5c00000,0x00000000df880000)
  from space 12288K, 99% used [0x00000000dfb80000,0x00000000e077c358,0x00000000e0780000)
  to   space 8704K, 0% used [0x00000000e0b00000,0x00000000e0b00000,0x00000000e1380000)
 ParOldGen       total 102400K, used 21312K [0x0000000081400000, 0x0000000087800000, 0x00000000d5c00000)
  object space 102400K, 20% used [0x0000000081400000,0x00000000828d01f0,0x0000000087800000)
 Metaspace       used 55006K, capacity 56904K, committed 57344K, reserved 1097728K
  class space    used 7728K, capacity 8083K, committed 8192K, reserved 1048576K
}

